<?xml version="1.0" encoding="UTF-8"?>
<coverage generated="1713768983517" clover="3.2.0">
  <project timestamp="1713768983517" name="All files">
    <metrics statements="104" coveredstatements="103" conditionals="25" coveredconditionals="24" methods="29" coveredmethods="28" elements="158" coveredelements="155" complexity="0" loc="104" ncloc="104" packages="1" files="2" classes="2"/>
    <file name="dom.ts" path="/Users/no-tomato/toy-render-engine-by-js/src/dom.ts">
      <metrics statements="7" coveredstatements="7" conditionals="0" coveredconditionals="0" methods="5" coveredmethods="5"/>
      <line num="8" count="26" type="stmt"/>
      <line num="9" count="26" type="stmt"/>
      <line num="17" count="12" type="stmt"/>
      <line num="25" count="13" type="stmt"/>
      <line num="34" count="13" type="stmt"/>
      <line num="35" count="13" type="stmt"/>
      <line num="43" count="1" type="stmt"/>
    </file>
    <file name="parse.ts" path="/Users/no-tomato/toy-render-engine-by-js/src/parse.ts">
      <metrics statements="97" coveredstatements="96" conditionals="25" coveredconditionals="24" methods="24" coveredmethods="23"/>
      <line num="3" count="108" type="cond" truecount="1" falsecount="1"/>
      <line num="4" count="0" type="stmt"/>
      <line num="13" count="10" type="stmt"/>
      <line num="14" count="10" type="stmt"/>
      <line num="18" count="23" type="stmt"/>
      <line num="22" count="83" type="stmt"/>
      <line num="26" count="48" type="stmt"/>
      <line num="31" count="645" type="stmt"/>
      <line num="32" count="645" type="stmt"/>
      <line num="33" count="645" type="stmt"/>
      <line num="38" count="129" type="stmt"/>
      <line num="39" count="129" type="stmt"/>
      <line num="40" count="129" type="cond" truecount="2" falsecount="0"/>
      <line num="41" count="543" type="stmt"/>
      <line num="42" count="543" type="cond" truecount="3" falsecount="0"/>
      <line num="44" count="543" type="cond" truecount="2" falsecount="0"/>
      <line num="45" count="221" type="cond" truecount="2" falsecount="0"/>
      <line num="46" count="34" type="stmt"/>
      <line num="48" count="221" type="stmt"/>
      <line num="50" count="322" type="stmt"/>
      <line num="51" count="322" type="stmt"/>
      <line num="54" count="129" type="stmt"/>
      <line num="58" count="200" type="stmt"/>
      <line num="59" count="71" type="stmt"/>
      <line num="63" count="159" type="stmt"/>
      <line num="64" count="36" type="stmt"/>
      <line num="68" count="25" type="stmt"/>
      <line num="69" count="25" type="cond" truecount="2" falsecount="0"/>
      <line num="70" count="24" type="cond" truecount="2" falsecount="0"/>
      <line num="71" count="13" type="stmt"/>
      <line num="73" count="11" type="stmt"/>
      <line num="79" count="1" type="stmt"/>
      <line num="80" count="1" type="stmt"/>
      <line num="81" count="1" type="stmt"/>
      <line num="82" count="1" type="stmt"/>
      <line num="85" count="20" type="stmt"/>
      <line num="86" count="1" type="stmt"/>
      <line num="88" count="1" type="stmt"/>
      <line num="89" count="1" type="stmt"/>
      <line num="90" count="1" type="stmt"/>
      <line num="96" count="1" type="stmt"/>
      <line num="100" count="186" type="stmt"/>
      <line num="101" count="11" type="stmt"/>
      <line num="102" count="11" type="stmt"/>
      <line num="107" count="13" type="stmt"/>
      <line num="108" count="13" type="stmt"/>
      <line num="109" count="13" type="stmt"/>
      <line num="110" count="13" type="stmt"/>
      <line num="111" count="13" type="stmt"/>
      <line num="112" count="13" type="stmt"/>
      <line num="115" count="13" type="stmt"/>
      <line num="118" count="13" type="stmt"/>
      <line num="119" count="13" type="stmt"/>
      <line num="120" count="13" type="stmt"/>
      <line num="121" count="13" type="stmt"/>
      <line num="122" count="13" type="stmt"/>
      <line num="123" count="13" type="stmt"/>
      <line num="124" count="13" type="stmt"/>
      <line num="125" count="13" type="stmt"/>
      <line num="127" count="13" type="stmt"/>
      <line num="128" count="13" type="stmt"/>
      <line num="129" count="13" type="stmt"/>
      <line num="131" count="13" type="stmt"/>
      <line num="135" count="10" type="stmt"/>
      <line num="136" count="10" type="stmt"/>
      <line num="137" count="10" type="stmt"/>
      <line num="138" count="10" type="stmt"/>
      <line num="139" count="10" type="stmt"/>
      <line num="140" count="10" type="stmt"/>
      <line num="141" count="10" type="stmt"/>
      <line num="145" count="10" type="stmt"/>
      <line num="146" count="10" type="cond" truecount="2" falsecount="0"/>
      <line num="147" count="96" type="stmt"/>
      <line num="148" count="10" type="stmt"/>
      <line num="149" count="10" type="stmt"/>
      <line num="150" count="10" type="stmt"/>
      <line num="154" count="13" type="stmt"/>
      <line num="155" count="13" type="stmt"/>
      <line num="156" count="23" type="stmt"/>
      <line num="157" count="23" type="cond" truecount="2" falsecount="0"/>
      <line num="158" count="13" type="stmt"/>
      <line num="160" count="10" type="stmt"/>
      <line num="161" count="10" type="stmt"/>
      <line num="162" count="10" type="stmt"/>
      <line num="165" count="13" type="stmt"/>
      <line num="169" count="23" type="stmt"/>
      <line num="170" count="23" type="stmt"/>
      <line num="171" count="48" type="stmt"/>
      <line num="172" count="48" type="cond" truecount="4" falsecount="0"/>
      <line num="173" count="23" type="stmt"/>
      <line num="175" count="25" type="stmt"/>
      <line num="177" count="23" type="stmt"/>
      <line num="187" count="10" type="stmt"/>
      <line num="188" count="10" type="stmt"/>
      <line num="189" count="10" type="cond" truecount="2" falsecount="0"/>
      <line num="190" count="8" type="stmt"/>
      <line num="192" count="2" type="stmt"/>
    </file>
  </project>
</coverage>
