{"/Users/no-tomato/toy-render-engine-by-js/src/dom.ts": {"path":"/Users/no-tomato/toy-render-engine-by-js/src/dom.ts","statementMap":{"0":{"start":{"line":8,"column":4},"end":{"line":8,"column":28}},"1":{"start":{"line":9,"column":4},"end":{"line":9,"column":28}},"2":{"start":{"line":17,"column":4},"end":{"line":17,"column":20}},"3":{"start":{"line":25,"column":4},"end":{"line":25,"column":34}},"4":{"start":{"line":34,"column":4},"end":{"line":34,"column":26}},"5":{"start":{"line":35,"column":4},"end":{"line":35,"column":32}},"6":{"start":{"line":43,"column":4},"end":{"line":43,"column":26}}},"fnMap":{"0":{"name":"(anonymous_0)","decl":{"start":{"line":7,"column":2},"end":{"line":7,"column":3}},"loc":{"start":{"line":7,"column":52},"end":{"line":10,"column":3}},"line":7},"1":{"name":"(anonymous_1)","decl":{"start":{"line":16,"column":2},"end":{"line":16,"column":3}},"loc":{"start":{"line":16,"column":28},"end":{"line":18,"column":3}},"line":16},"2":{"name":"(anonymous_2)","decl":{"start":{"line":24,"column":2},"end":{"line":24,"column":3}},"loc":{"start":{"line":24,"column":40},"end":{"line":26,"column":3}},"line":24},"3":{"name":"(anonymous_3)","decl":{"start":{"line":33,"column":2},"end":{"line":33,"column":3}},"loc":{"start":{"line":33,"column":64},"end":{"line":36,"column":3}},"line":33},"4":{"name":"(anonymous_4)","decl":{"start":{"line":42,"column":2},"end":{"line":42,"column":3}},"loc":{"start":{"line":42,"column":31},"end":{"line":44,"column":3}},"line":42}},"branchMap":{},"s":{"0":26,"1":26,"2":12,"3":13,"4":13,"5":13,"6":1},"f":{"0":26,"1":12,"2":13,"3":13,"4":1},"b":{},"_coverageSchema":"1a1c01bbd47fc00a2c39e90264f33305004495a9","hash":"12e71b05e3d219d4138ab74c40b4db2ea4e38e45"}
,"/Users/no-tomato/toy-render-engine-by-js/src/parse.ts": {"path":"/Users/no-tomato/toy-render-engine-by-js/src/parse.ts","statementMap":{"0":{"start":{"line":3,"column":2},"end":{"line":5,"column":3}},"1":{"start":{"line":4,"column":4},"end":{"line":4,"column":24}},"2":{"start":{"line":13,"column":4},"end":{"line":13,"column":16}},"3":{"start":{"line":14,"column":4},"end":{"line":14,"column":22}},"4":{"start":{"line":18,"column":4},"end":{"line":18,"column":31}},"5":{"start":{"line":22,"column":4},"end":{"line":22,"column":51}},"6":{"start":{"line":26,"column":4},"end":{"line":26,"column":40}},"7":{"start":{"line":31,"column":18},"end":{"line":31,"column":73}},"8":{"start":{"line":32,"column":4},"end":{"line":32,"column":30}},"9":{"start":{"line":33,"column":4},"end":{"line":33,"column":18}},"10":{"start":{"line":38,"column":17},"end":{"line":38,"column":19}},"11":{"start":{"line":39,"column":32},"end":{"line":39,"column":37}},"12":{"start":{"line":40,"column":4},"end":{"line":53,"column":5}},"13":{"start":{"line":41,"column":20},"end":{"line":41,"column":38}},"14":{"start":{"line":42,"column":26},"end":{"line":42,"column":81}},"15":{"start":{"line":44,"column":6},"end":{"line":52,"column":7}},"16":{"start":{"line":45,"column":8},"end":{"line":47,"column":9}},"17":{"start":{"line":46,"column":10},"end":{"line":46,"column":24}},"18":{"start":{"line":48,"column":8},"end":{"line":48,"column":37}},"19":{"start":{"line":50,"column":8},"end":{"line":50,"column":26}},"20":{"start":{"line":51,"column":8},"end":{"line":51,"column":38}},"21":{"start":{"line":54,"column":4},"end":{"line":54,"column":17}},"22":{"start":{"line":58,"column":17},"end":{"line":58,"column":56}},"23":{"start":{"line":58,"column":40},"end":{"line":58,"column":55}},"24":{"start":{"line":59,"column":4},"end":{"line":59,"column":17}},"25":{"start":{"line":63,"column":17},"end":{"line":63,"column":64}},"26":{"start":{"line":63,"column":40},"end":{"line":63,"column":63}},"27":{"start":{"line":64,"column":4},"end":{"line":64,"column":17}},"28":{"start":{"line":68,"column":18},"end":{"line":68,"column":73}},"29":{"start":{"line":69,"column":4},"end":{"line":69,"column":59}},"30":{"start":{"line":69,"column":33},"end":{"line":69,"column":59}},"31":{"start":{"line":70,"column":4},"end":{"line":74,"column":5}},"32":{"start":{"line":71,"column":6},"end":{"line":71,"column":32}},"33":{"start":{"line":73,"column":6},"end":{"line":73,"column":29}},"34":{"start":{"line":79,"column":4},"end":{"line":79,"column":22}},"35":{"start":{"line":80,"column":4},"end":{"line":80,"column":22}},"36":{"start":{"line":81,"column":4},"end":{"line":81,"column":22}},"37":{"start":{"line":82,"column":4},"end":{"line":82,"column":22}},"38":{"start":{"line":85,"column":25},"end":{"line":85,"column":72}},"39":{"start":{"line":85,"column":48},"end":{"line":85,"column":71}},"40":{"start":{"line":86,"column":4},"end":{"line":86,"column":43}},"41":{"start":{"line":88,"column":4},"end":{"line":88,"column":22}},"42":{"start":{"line":89,"column":4},"end":{"line":89,"column":22}},"43":{"start":{"line":90,"column":4},"end":{"line":90,"column":22}},"44":{"start":{"line":96,"column":4},"end":{"line":96,"column":56}},"45":{"start":{"line":100,"column":15},"end":{"line":100,"column":48}},"46":{"start":{"line":100,"column":38},"end":{"line":100,"column":47}},"47":{"start":{"line":101,"column":4},"end":{"line":101,"column":22}},"48":{"start":{"line":102,"column":4},"end":{"line":102,"column":43}},"49":{"start":{"line":107,"column":18},"end":{"line":107,"column":36}},"50":{"start":{"line":108,"column":4},"end":{"line":108,"column":27}},"51":{"start":{"line":109,"column":18},"end":{"line":109,"column":37}},"52":{"start":{"line":110,"column":16},"end":{"line":110,"column":38}},"53":{"start":{"line":111,"column":19},"end":{"line":111,"column":37}},"54":{"start":{"line":112,"column":4},"end":{"line":112,"column":28}},"55":{"start":{"line":115,"column":19},"end":{"line":115,"column":36}},"56":{"start":{"line":118,"column":19},"end":{"line":118,"column":37}},"57":{"start":{"line":119,"column":4},"end":{"line":119,"column":28}},"58":{"start":{"line":120,"column":19},"end":{"line":120,"column":37}},"59":{"start":{"line":121,"column":4},"end":{"line":121,"column":28}},"60":{"start":{"line":122,"column":25},"end":{"line":122,"column":44}},"61":{"start":{"line":123,"column":4},"end":{"line":123,"column":38}},"62":{"start":{"line":124,"column":19},"end":{"line":124,"column":37}},"63":{"start":{"line":125,"column":4},"end":{"line":125,"column":28}},"64":{"start":{"line":127,"column":22},"end":{"line":127,"column":53}},"65":{"start":{"line":128,"column":22},"end":{"line":128,"column":50}},"66":{"start":{"line":129,"column":15},"end":{"line":129,"column":46}},"67":{"start":{"line":131,"column":4},"end":{"line":131,"column":15}},"68":{"start":{"line":135,"column":15},"end":{"line":135,"column":34}},"69":{"start":{"line":136,"column":18},"end":{"line":136,"column":36}},"70":{"start":{"line":137,"column":4},"end":{"line":137,"column":27}},"71":{"start":{"line":138,"column":16},"end":{"line":138,"column":37}},"72":{"start":{"line":139,"column":42},"end":{"line":139,"column":44}},"73":{"start":{"line":140,"column":4},"end":{"line":140,"column":22}},"74":{"start":{"line":141,"column":4},"end":{"line":141,"column":15}},"75":{"start":{"line":145,"column":20},"end":{"line":145,"column":38}},"76":{"start":{"line":146,"column":4},"end":{"line":146,"column":50}},"77":{"start":{"line":147,"column":16},"end":{"line":147,"column":55}},"78":{"start":{"line":147,"column":39},"end":{"line":147,"column":54}},"79":{"start":{"line":148,"column":18},"end":{"line":148,"column":36}},"80":{"start":{"line":149,"column":4},"end":{"line":149,"column":33}},"81":{"start":{"line":150,"column":4},"end":{"line":150,"column":16}},"82":{"start":{"line":154,"column":21},"end":{"line":154,"column":46}},"83":{"start":{"line":155,"column":4},"end":{"line":164,"column":5}},"84":{"start":{"line":156,"column":6},"end":{"line":156,"column":30}},"85":{"start":{"line":157,"column":6},"end":{"line":159,"column":7}},"86":{"start":{"line":158,"column":8},"end":{"line":158,"column":13}},"87":{"start":{"line":160,"column":17},"end":{"line":160,"column":33}},"88":{"start":{"line":161,"column":6},"end":{"line":163,"column":7}},"89":{"start":{"line":162,"column":8},"end":{"line":162,"column":35}},"90":{"start":{"line":165,"column":4},"end":{"line":165,"column":21}},"91":{"start":{"line":169,"column":24},"end":{"line":169,"column":26}},"92":{"start":{"line":170,"column":4},"end":{"line":176,"column":5}},"93":{"start":{"line":171,"column":6},"end":{"line":171,"column":30}},"94":{"start":{"line":172,"column":6},"end":{"line":174,"column":7}},"95":{"start":{"line":173,"column":8},"end":{"line":173,"column":13}},"96":{"start":{"line":175,"column":6},"end":{"line":175,"column":34}},"97":{"start":{"line":177,"column":4},"end":{"line":177,"column":16}},"98":{"start":{"line":187,"column":15},"end":{"line":187,"column":36}},"99":{"start":{"line":188,"column":2},"end":{"line":188,"column":29}},"100":{"start":{"line":189,"column":2},"end":{"line":193,"column":3}},"101":{"start":{"line":190,"column":4},"end":{"line":190,"column":19}},"102":{"start":{"line":192,"column":4},"end":{"line":192,"column":20}}},"fnMap":{"0":{"name":"assert","decl":{"start":{"line":2,"column":9},"end":{"line":2,"column":15}},"loc":{"start":{"line":2,"column":65},"end":{"line":6,"column":1}},"line":2},"1":{"name":"(anonymous_1)","decl":{"start":{"line":12,"column":2},"end":{"line":12,"column":3}},"loc":{"start":{"line":12,"column":29},"end":{"line":15,"column":3}},"line":12},"2":{"name":"(anonymous_2)","decl":{"start":{"line":17,"column":2},"end":{"line":17,"column":3}},"loc":{"start":{"line":17,"column":21},"end":{"line":19,"column":3}},"line":17},"3":{"name":"(anonymous_3)","decl":{"start":{"line":21,"column":2},"end":{"line":21,"column":3}},"loc":{"start":{"line":21,"column":33},"end":{"line":23,"column":3}},"line":21},"4":{"name":"(anonymous_4)","decl":{"start":{"line":25,"column":2},"end":{"line":25,"column":3}},"loc":{"start":{"line":25,"column":17},"end":{"line":27,"column":3}},"line":25},"5":{"name":"(anonymous_5)","decl":{"start":{"line":30,"column":2},"end":{"line":30,"column":3}},"loc":{"start":{"line":30,"column":24},"end":{"line":34,"column":3}},"line":30},"6":{"name":"(anonymous_6)","decl":{"start":{"line":37,"column":2},"end":{"line":37,"column":3}},"loc":{"start":{"line":37,"column":53},"end":{"line":55,"column":3}},"line":37},"7":{"name":"(anonymous_7)","decl":{"start":{"line":57,"column":2},"end":{"line":57,"column":3}},"loc":{"start":{"line":57,"column":30},"end":{"line":60,"column":3}},"line":57},"8":{"name":"(anonymous_8)","decl":{"start":{"line":58,"column":35},"end":{"line":58,"column":36}},"loc":{"start":{"line":58,"column":40},"end":{"line":58,"column":55}},"line":58},"9":{"name":"(anonymous_9)","decl":{"start":{"line":62,"column":2},"end":{"line":62,"column":3}},"loc":{"start":{"line":62,"column":25},"end":{"line":65,"column":3}},"line":62},"10":{"name":"(anonymous_10)","decl":{"start":{"line":63,"column":35},"end":{"line":63,"column":36}},"loc":{"start":{"line":63,"column":40},"end":{"line":63,"column":63}},"line":63},"11":{"name":"(anonymous_11)","decl":{"start":{"line":67,"column":2},"end":{"line":67,"column":3}},"loc":{"start":{"line":67,"column":20},"end":{"line":75,"column":3}},"line":67},"12":{"name":"(anonymous_12)","decl":{"start":{"line":77,"column":2},"end":{"line":77,"column":3}},"loc":{"start":{"line":77,"column":23},"end":{"line":97,"column":3}},"line":77},"13":{"name":"(anonymous_13)","decl":{"start":{"line":85,"column":43},"end":{"line":85,"column":44}},"loc":{"start":{"line":85,"column":48},"end":{"line":85,"column":71}},"line":85},"14":{"name":"(anonymous_14)","decl":{"start":{"line":99,"column":2},"end":{"line":99,"column":3}},"loc":{"start":{"line":99,"column":20},"end":{"line":103,"column":3}},"line":99},"15":{"name":"(anonymous_15)","decl":{"start":{"line":100,"column":33},"end":{"line":100,"column":34}},"loc":{"start":{"line":100,"column":38},"end":{"line":100,"column":47}},"line":100},"16":{"name":"(anonymous_16)","decl":{"start":{"line":105,"column":2},"end":{"line":105,"column":3}},"loc":{"start":{"line":105,"column":23},"end":{"line":132,"column":3}},"line":105},"17":{"name":"(anonymous_17)","decl":{"start":{"line":134,"column":2},"end":{"line":134,"column":3}},"loc":{"start":{"line":134,"column":41},"end":{"line":142,"column":3}},"line":134},"18":{"name":"(anonymous_18)","decl":{"start":{"line":144,"column":2},"end":{"line":144,"column":3}},"loc":{"start":{"line":144,"column":27},"end":{"line":151,"column":3}},"line":144},"19":{"name":"(anonymous_19)","decl":{"start":{"line":147,"column":34},"end":{"line":147,"column":35}},"loc":{"start":{"line":147,"column":39},"end":{"line":147,"column":54}},"line":147},"20":{"name":"(anonymous_20)","decl":{"start":{"line":153,"column":2},"end":{"line":153,"column":3}},"loc":{"start":{"line":153,"column":41},"end":{"line":166,"column":3}},"line":153},"21":{"name":"(anonymous_21)","decl":{"start":{"line":168,"column":2},"end":{"line":168,"column":3}},"loc":{"start":{"line":168,"column":23},"end":{"line":178,"column":3}},"line":168},"22":{"name":"parseDom","decl":{"start":{"line":185,"column":16},"end":{"line":185,"column":24}},"loc":{"start":{"line":185,"column":59},"end":{"line":194,"column":1}},"line":185},"23":{"name":"parseCSS","decl":{"start":{"line":196,"column":16},"end":{"line":196,"column":24}},"loc":{"start":{"line":196,"column":39},"end":{"line":198,"column":1}},"line":196}},"branchMap":{"0":{"loc":{"start":{"line":3,"column":2},"end":{"line":5,"column":3}},"type":"if","locations":[{"start":{"line":3,"column":2},"end":{"line":5,"column":3}},{"start":{},"end":{}}],"line":3},"1":{"loc":{"start":{"line":40,"column":11},"end":{"line":40,"column":104}},"type":"binary-expr","locations":[{"start":{"line":40,"column":11},"end":{"line":40,"column":39}},{"start":{"line":40,"column":43},"end":{"line":40,"column":104}}],"line":40},"2":{"loc":{"start":{"line":42,"column":26},"end":{"line":42,"column":81}},"type":"binary-expr","locations":[{"start":{"line":42,"column":26},"end":{"line":42,"column":41}},{"start":{"line":42,"column":45},"end":{"line":42,"column":61}},{"start":{"line":42,"column":65},"end":{"line":42,"column":81}}],"line":42},"3":{"loc":{"start":{"line":44,"column":6},"end":{"line":52,"column":7}},"type":"if","locations":[{"start":{"line":44,"column":6},"end":{"line":52,"column":7}},{"start":{"line":49,"column":13},"end":{"line":52,"column":7}}],"line":44},"4":{"loc":{"start":{"line":45,"column":8},"end":{"line":47,"column":9}},"type":"if","locations":[{"start":{"line":45,"column":8},"end":{"line":47,"column":9}},{"start":{},"end":{}}],"line":45},"5":{"loc":{"start":{"line":69,"column":4},"end":{"line":69,"column":59}},"type":"if","locations":[{"start":{"line":69,"column":4},"end":{"line":69,"column":59}},{"start":{},"end":{}}],"line":69},"6":{"loc":{"start":{"line":70,"column":4},"end":{"line":74,"column":5}},"type":"if","locations":[{"start":{"line":70,"column":4},"end":{"line":74,"column":5}},{"start":{"line":72,"column":11},"end":{"line":74,"column":5}}],"line":70},"7":{"loc":{"start":{"line":146,"column":11},"end":{"line":146,"column":49}},"type":"binary-expr","locations":[{"start":{"line":146,"column":11},"end":{"line":146,"column":28}},{"start":{"line":146,"column":32},"end":{"line":146,"column":49}}],"line":146},"8":{"loc":{"start":{"line":157,"column":6},"end":{"line":159,"column":7}},"type":"if","locations":[{"start":{"line":157,"column":6},"end":{"line":159,"column":7}},{"start":{},"end":{}}],"line":157},"9":{"loc":{"start":{"line":172,"column":6},"end":{"line":174,"column":7}},"type":"if","locations":[{"start":{"line":172,"column":6},"end":{"line":174,"column":7}},{"start":{},"end":{}}],"line":172},"10":{"loc":{"start":{"line":172,"column":10},"end":{"line":172,"column":45}},"type":"binary-expr","locations":[{"start":{"line":172,"column":10},"end":{"line":172,"column":20}},{"start":{"line":172,"column":24},"end":{"line":172,"column":45}}],"line":172},"11":{"loc":{"start":{"line":189,"column":2},"end":{"line":193,"column":3}},"type":"if","locations":[{"start":{"line":189,"column":2},"end":{"line":193,"column":3}},{"start":{"line":191,"column":9},"end":{"line":193,"column":3}}],"line":189}},"s":{"0":108,"1":0,"2":10,"3":10,"4":23,"5":83,"6":48,"7":645,"8":645,"9":645,"10":129,"11":129,"12":129,"13":543,"14":543,"15":543,"16":221,"17":34,"18":221,"19":322,"20":322,"21":129,"22":71,"23":200,"24":71,"25":36,"26":159,"27":36,"28":25,"29":25,"30":1,"31":24,"32":13,"33":11,"34":1,"35":1,"36":1,"37":1,"38":1,"39":20,"40":1,"41":1,"42":1,"43":1,"44":1,"45":11,"46":186,"47":11,"48":11,"49":13,"50":13,"51":13,"52":13,"53":13,"54":13,"55":13,"56":13,"57":13,"58":13,"59":13,"60":13,"61":13,"62":13,"63":13,"64":13,"65":13,"66":13,"67":13,"68":10,"69":10,"70":10,"71":10,"72":10,"73":10,"74":10,"75":10,"76":10,"77":10,"78":96,"79":10,"80":10,"81":10,"82":13,"83":13,"84":23,"85":23,"86":13,"87":10,"88":10,"89":10,"90":13,"91":23,"92":23,"93":48,"94":48,"95":23,"96":25,"97":23,"98":10,"99":10,"100":10,"101":8,"102":2},"f":{"0":108,"1":10,"2":23,"3":83,"4":48,"5":645,"6":129,"7":71,"8":200,"9":36,"10":159,"11":25,"12":1,"13":20,"14":11,"15":186,"16":13,"17":10,"18":10,"19":96,"20":13,"21":23,"22":10,"23":0},"b":{"0":[0,108],"1":[672,661],"2":[543,331,322],"3":[221,322],"4":[34,187],"5":[1,24],"6":[13,11],"7":[10,10],"8":[13,10],"9":[23,25],"10":[48,38],"11":[8,2]},"_coverageSchema":"1a1c01bbd47fc00a2c39e90264f33305004495a9","hash":"62414339a87e11083848a972d374b0052e11d99a"}
}
