TN:
SF:src/dom.ts
FN:7,(anonymous_0)
FN:16,(anonymous_1)
FN:24,(anonymous_2)
FN:33,(anonymous_3)
FN:42,(anonymous_4)
FNF:5
FNH:5
FNDA:26,(anonymous_0)
FNDA:12,(anonymous_1)
FNDA:13,(anonymous_2)
FNDA:13,(anonymous_3)
FNDA:1,(anonymous_4)
DA:8,26
DA:9,26
DA:17,12
DA:25,13
DA:34,13
DA:35,13
DA:43,1
LF:7
LH:7
BRF:0
BRH:0
end_of_record
TN:
SF:src/parse.ts
FN:2,assert
FN:12,(anonymous_1)
FN:17,(anonymous_2)
FN:21,(anonymous_3)
FN:25,(anonymous_4)
FN:30,(anonymous_5)
FN:37,(anonymous_6)
FN:57,(anonymous_7)
FN:58,(anonymous_8)
FN:62,(anonymous_9)
FN:63,(anonymous_10)
FN:67,(anonymous_11)
FN:77,(anonymous_12)
FN:85,(anonymous_13)
FN:99,(anonymous_14)
FN:100,(anonymous_15)
FN:105,(anonymous_16)
FN:134,(anonymous_17)
FN:144,(anonymous_18)
FN:147,(anonymous_19)
FN:153,(anonymous_20)
FN:168,(anonymous_21)
FN:185,parseDom
FN:196,parseCSS
FNF:24
FNH:23
FNDA:108,assert
FNDA:10,(anonymous_1)
FNDA:23,(anonymous_2)
FNDA:83,(anonymous_3)
FNDA:48,(anonymous_4)
FNDA:645,(anonymous_5)
FNDA:129,(anonymous_6)
FNDA:71,(anonymous_7)
FNDA:200,(anonymous_8)
FNDA:36,(anonymous_9)
FNDA:159,(anonymous_10)
FNDA:25,(anonymous_11)
FNDA:1,(anonymous_12)
FNDA:20,(anonymous_13)
FNDA:11,(anonymous_14)
FNDA:186,(anonymous_15)
FNDA:13,(anonymous_16)
FNDA:10,(anonymous_17)
FNDA:10,(anonymous_18)
FNDA:96,(anonymous_19)
FNDA:13,(anonymous_20)
FNDA:23,(anonymous_21)
FNDA:10,parseDom
FNDA:0,parseCSS
DA:3,108
DA:4,0
DA:13,10
DA:14,10
DA:18,23
DA:22,83
DA:26,48
DA:31,645
DA:32,645
DA:33,645
DA:38,129
DA:39,129
DA:40,129
DA:41,543
DA:42,543
DA:44,543
DA:45,221
DA:46,34
DA:48,221
DA:50,322
DA:51,322
DA:54,129
DA:58,200
DA:59,71
DA:63,159
DA:64,36
DA:68,25
DA:69,25
DA:70,24
DA:71,13
DA:73,11
DA:79,1
DA:80,1
DA:81,1
DA:82,1
DA:85,20
DA:86,1
DA:88,1
DA:89,1
DA:90,1
DA:96,1
DA:100,186
DA:101,11
DA:102,11
DA:107,13
DA:108,13
DA:109,13
DA:110,13
DA:111,13
DA:112,13
DA:115,13
DA:118,13
DA:119,13
DA:120,13
DA:121,13
DA:122,13
DA:123,13
DA:124,13
DA:125,13
DA:127,13
DA:128,13
DA:129,13
DA:131,13
DA:135,10
DA:136,10
DA:137,10
DA:138,10
DA:139,10
DA:140,10
DA:141,10
DA:145,10
DA:146,10
DA:147,96
DA:148,10
DA:149,10
DA:150,10
DA:154,13
DA:155,13
DA:156,23
DA:157,23
DA:158,13
DA:160,10
DA:161,10
DA:162,10
DA:165,13
DA:169,23
DA:170,23
DA:171,48
DA:172,48
DA:173,23
DA:175,25
DA:177,23
DA:187,10
DA:188,10
DA:189,10
DA:190,8
DA:192,2
LF:97
LH:96
BRDA:3,0,0,0
BRDA:3,0,1,108
BRDA:40,1,0,672
BRDA:40,1,1,661
BRDA:42,2,0,543
BRDA:42,2,1,331
BRDA:42,2,2,322
BRDA:44,3,0,221
BRDA:44,3,1,322
BRDA:45,4,0,34
BRDA:45,4,1,187
BRDA:69,5,0,1
BRDA:69,5,1,24
BRDA:70,6,0,13
BRDA:70,6,1,11
BRDA:146,7,0,10
BRDA:146,7,1,10
BRDA:157,8,0,13
BRDA:157,8,1,10
BRDA:172,9,0,23
BRDA:172,9,1,25
BRDA:172,10,0,48
BRDA:172,10,1,38
BRDA:189,11,0,8
BRDA:189,11,1,2
BRF:25
BRH:24
end_of_record
